Arguments: 
  /home/jackgray/.nvm/versions/node/v16.13.1/bin/node /home/jackgray/.nvm/versions/node/v16.13.1/bin/yarn install --ignore-platform --ignore-engines

PATH: 
  /home/jackgray/.odrive-agent/bin:/home/jackgray/.jbang/bin:/home/jackgray/.jbang/currentjdk/bin:/home/linuxbrew/.linuxbrew/bin:/home/linuxbrew/.linuxbrew/sbin:/usr/local/fsl/bin:/home/jackgray/.odrive-agent/bin:/home/jackgray/.jbang/bin:/home/jackgray/.jbang/currentjdk/bin:/home/linuxbrew/.linuxbrew/bin:/home/linuxbrew/.linuxbrew/sbin:/home/jackgray/.jbang/bin:/home/jackgray/.jbang/currentjdk/bin:/home/linuxbrew/.linuxbrew/bin:/home/linuxbrew/.linuxbrew/sbin:/home/jackgray/.deno/bin:/home/jackgray/.nvm/versions/node/v16.13.1/bin:/home/jackgray/.nimble/bin:/home/linuxbrew/.linuxbrew/bin:/home/linuxbrew/.linuxbrew/sbin:/home/jackgray/.local/bin:/home/jackgray/bin:/opt/cisco/anyconnect/bin:/home/linuxbrew/.linuxbrew/bin:/usr/local/sbin:/usr/local/bin:/usr/sbin:/usr/bin:/sbin:/bin:/usr/games:/usr/local/games:/snap/bin:/home/jackgray/.pulumi/bin:/home/jackgray/bin:/home/jackgray/bin:/home/jackgray/.pulumi/bin:/home/jackgray/bin:/home/jackgray/bin:/home/jackgray/.odrive-agent/bin:/home/jackgray/.pulumi/bin:/home/jackgray/bin:/home/jackgray/bin

Yarn version: 
  1.22.19

Node version: 
  16.13.1

Platform: 
  linux x64

Trace: 
  Error: getaddrinfo ENOTFOUND registry.yarnpkg.com
      at GetAddrInfoReqWrap.onlookup [as oncomplete] (node:dns:71:26)

npm manifest: 
  {
    "name": "audio-recording-client",
    "version": "0.1.0",
    "private": true,
    "dependencies": {
      "bootstrap": "^5.2.3",
      "express": "^4.18.2",
      "grommet": "^2.32.0",
      "grommet-icons": "^4.10.0",
      "lamejs": "^1.2.1",
      "multer": "^1.4.5-lts.1",
      "react": "^18.2.0",
      "react-dom": "^18.2.0",
      "react-media-recorder": "^1.6.6",
      "react-scripts": "^5.0.1",
      "recordrtc": "^5.6.2",
      "styled-components": "^5.3.10",
      "web-vitals": "^2.1.4"
    },
    "scripts": {
      "start": "react-scripts start",
      "build": "react-scripts build",
      "eject": "react-scripts eject"
    },
    "eslintConfig": {
      "extends": [
        "react-app"
      ]
    },
    "browserslist": {
      "production": [
        ">0.2%",
        "not dead",
        "not op_mini all"
      ],
      "development": [
        "last 1 chrome version",
        "last 1 firefox version",
        "last 1 safari version"
      ]
    },
    "devDependencies": {
      "eslint-config-react-app": "^7.0.1",
      "eslint-plugin-react": "^7.32.2"
    }, 
    "resolutions": {
      "fsevents": "2.3.2"
    },
    "main": "index.js",
    "author": "jackgray <jgrayau@gmail.com>",
    "license": "MIT"
  }

yarn manifest: 
  No manifest

Lockfile: 
  No lockfile
